<?xml version="1.0" encoding="UTF-8"?>
<testsuite xmlns:xsi="http://www.w3.org/2001/XMLSchema-instance" xsi:noNamespaceSchemaLocation="https://maven.apache.org/surefire/maven-surefire-plugin/xsd/surefire-test-report-3.0.xsd" version="3.0" name="com.autojoin.operator.OperatorTest" time="0.037" tests="21" errors="0" skipped="0" failures="0">
  <properties>
[...]
</properties>
  <testcase name="splitSplitSubstrFirstNameReagan" classname="com.autojoin.operator.OperatorTest" time="0.004"/>
  <testcase name="splitSplitSubstrFirstNameClinton" classname="com.autojoin.operator.OperatorTest" time="0.0"/>
  <testcase name="fullTransformFigure1Reagan" classname="com.autojoin.operator.OperatorTest" time="0.003"/>
  <testcase name="constantEmailDomain" classname="com.autojoin.operator.OperatorTest" time="0.0"/>
  <testcase name="splitSplitSubstrFirstNameObama" classname="com.autojoin.operator.OperatorTest" time="0.001"/>
  <testcase name="allDescribeMethodsReturnUsefulStrings" classname="com.autojoin.operator.OperatorTest" time="0.002"/>
  <testcase name="splitSubstrExtractsLastNameBush" classname="com.autojoin.operator.OperatorTest" time="0.001"/>
  <testcase name="splitSplitSubstrFirstNameBush" classname="com.autojoin.operator.OperatorTest" time="0.001"/>
  <testcase name="substrFullSecondElement" classname="com.autojoin.operator.OperatorTest" time="0.0"/>
  <testcase name="fullTransformFigure1Bush" classname="com.autojoin.operator.OperatorTest" time="0.001"/>
  <testcase name="fullTransformFigure4Row1" classname="com.autojoin.operator.OperatorTest" time="0.003"/>
  <testcase name="fullTransformFigure4Row3" classname="com.autojoin.operator.OperatorTest" time="0.001"/>
  <testcase name="splitSubstrExtractsLastNameReagan" classname="com.autojoin.operator.OperatorTest" time="0.001"/>
  <testcase name="splitSubstrExtractsLastNameObama" classname="com.autojoin.operator.OperatorTest" time="0.001"/>
  <testcase name="fullTransformFigure1Clinton" classname="com.autojoin.operator.OperatorTest" time="0.0"/>
  <testcase name="splitSubstrFigure4ExtractId" classname="com.autojoin.operator.OperatorTest" time="0.0"/>
  <testcase name="splitSubstrFirstInitialChowdhury" classname="com.autojoin.operator.OperatorTest" time="0.0"/>
  <testcase name="substrFirstElementLower" classname="com.autojoin.operator.OperatorTest" time="0.001"/>
  <testcase name="constantIgnoresRow" classname="com.autojoin.operator.OperatorTest" time="0.001"/>
  <testcase name="splitSubstrExtractsLastNameClinton" classname="com.autojoin.operator.OperatorTest" time="0.001"/>
  <testcase name="fullTransformFigure1Obama" classname="com.autojoin.operator.OperatorTest" time="0.005"/>
</testsuite>